[debug] [2018-07-24T17:02:29.384Z] ----------------------------------------------------------------------
[debug] [2018-07-24T17:02:29.384Z] Command:       C:\Program Files\nodejs\node.exe C:\Users\Oskar\AppData\Roaming\npm\node_modules\firebase-tools\bin\firebase serve
[debug] [2018-07-24T17:02:29.384Z] CLI Version:   3.19.3
[debug] [2018-07-24T17:02:29.384Z] Platform:      win32
[debug] [2018-07-24T17:02:29.384Z] Node Version:  v8.11.3
[debug] [2018-07-24T17:02:29.384Z] Time:          Tue Jul 24 2018 19:02:29 GMT+0200 (Środkowoeuropejski czas letni)
[debug] [2018-07-24T17:02:29.384Z] ----------------------------------------------------------------------
[debug] 
[debug] [2018-07-24T17:02:29.400Z] > command requires scopes: ["email","openid","https://www.googleapis.com/auth/cloudplatformprojects.readonly","https://www.googleapis.com/auth/firebase","https://www.googleapis.com/auth/cloud-platform"]
[debug] [2018-07-24T17:02:29.400Z] > authorizing via signed-in user
[debug] [2018-07-24T17:02:29.400Z] >>> HTTP REQUEST GET https://admin.firebase.com/v1/projects/carpathianwarriorsmma  
  
 Tue Jul 24 2018 19:02:29 GMT+0200 (Środkowoeuropejski czas letni)
[debug] [2018-07-24T17:02:30.188Z] <<< HTTP RESPONSE 200
[debug] [2018-07-24T17:02:30.189Z] >>> HTTP REQUEST GET https://admin.firebase.com/v1/database/carpathianwarriorsmma/tokens  
  
 Tue Jul 24 2018 19:02:30 GMT+0200 (Środkowoeuropejski czas letni)
[debug] [2018-07-24T17:02:30.818Z] <<< HTTP RESPONSE 200
[debug] [2018-07-24T17:02:30.821Z] >>> HTTP REQUEST GET https://cloudresourcemanager.googleapis.com/v1/projects/carpathianwarriorsmma  
  
 Tue Jul 24 2018 19:02:30 GMT+0200 (Środkowoeuropejski czas letni)
[debug] [2018-07-24T17:02:31.808Z] <<< HTTP RESPONSE 200
[info] 
[info] === Serving from 'P:\Projekty\carpathianAngular'...
[info] 
[info] i  functions: Preparing to emulate functions.
[debug] [2018-07-24T17:02:33.925Z] Fetching environment
[debug] [2018-07-24T17:02:33.925Z] >>> HTTP REQUEST GET https://mobilesdk-pa.googleapis.com/v1/projects/24911101713:getServerAppConfig  
  
 Tue Jul 24 2018 19:02:33 GMT+0200 (Środkowoeuropejski czas letni)
[debug] [2018-07-24T17:02:33.925Z] >>> HTTP REQUEST GET https://mobilesdk-pa.googleapis.com/v1/projects/24911101713/clients/_:getWebAppConfig  
  
 Tue Jul 24 2018 19:02:33 GMT+0200 (Środkowoeuropejski czas letni)
[debug] [2018-07-24T17:02:34.456Z] <<< HTTP RESPONSE 200
[debug] [2018-07-24T17:02:34.535Z] <<< HTTP RESPONSE 200
[debug] [2018-07-24T17:02:34.535Z] Starting @google-cloud/functions-emulator
[info] i  hosting: Serving hosting files from: dist
[info] +  hosting: Local server: http://localhost:5000

[debug] [2018-07-24T17:03:41.645Z] ----------------------------------------------------------------------
[debug] [2018-07-24T17:03:41.647Z] Command:       C:\Program Files\nodejs\node.exe C:\Users\Oskar\AppData\Roaming\npm\node_modules\firebase-tools\bin\firebase serve
[debug] [2018-07-24T17:03:41.647Z] CLI Version:   3.19.3
[debug] [2018-07-24T17:03:41.647Z] Platform:      win32
[debug] [2018-07-24T17:03:41.647Z] Node Version:  v8.11.3
[debug] [2018-07-24T17:03:41.648Z] Time:          Tue Jul 24 2018 19:03:41 GMT+0200 (Środkowoeuropejski czas letni)
[debug] [2018-07-24T17:03:41.648Z] ----------------------------------------------------------------------
[debug] 
[debug] [2018-07-24T17:03:41.660Z] > command requires scopes: ["email","openid","https://www.googleapis.com/auth/cloudplatformprojects.readonly","https://www.googleapis.com/auth/firebase","https://www.googleapis.com/auth/cloud-platform"]
[debug] [2018-07-24T17:03:41.661Z] > authorizing via signed-in user
[debug] [2018-07-24T17:03:41.662Z] >>> HTTP REQUEST GET https://admin.firebase.com/v1/projects/carpathianwarriorsmma  
  
 Tue Jul 24 2018 19:03:41 GMT+0200 (Środkowoeuropejski czas letni)
[debug] [2018-07-24T17:03:42.425Z] <<< HTTP RESPONSE 200
[debug] [2018-07-24T17:03:42.427Z] >>> HTTP REQUEST GET https://admin.firebase.com/v1/database/carpathianwarriorsmma/tokens  
  
 Tue Jul 24 2018 19:03:42 GMT+0200 (Środkowoeuropejski czas letni)
[debug] [2018-07-24T17:03:43.186Z] <<< HTTP RESPONSE 200
[debug] [2018-07-24T17:03:43.189Z] >>> HTTP REQUEST GET https://cloudresourcemanager.googleapis.com/v1/projects/carpathianwarriorsmma  
  
 Tue Jul 24 2018 19:03:43 GMT+0200 (Środkowoeuropejski czas letni)
[debug] [2018-07-24T17:03:44.137Z] <<< HTTP RESPONSE 200
[info] 
[info] === Serving from 'P:\Projekty\carpathianAngular'...
[info] 
[info] i  functions: Preparing to emulate functions.
[debug] [2018-07-24T17:03:45.821Z] Fetching environment
[debug] [2018-07-24T17:03:45.823Z] >>> HTTP REQUEST GET https://mobilesdk-pa.googleapis.com/v1/projects/24911101713:getServerAppConfig  
  
 Tue Jul 24 2018 19:03:45 GMT+0200 (Środkowoeuropejski czas letni)
[debug] [2018-07-24T17:03:45.824Z] >>> HTTP REQUEST GET https://mobilesdk-pa.googleapis.com/v1/projects/24911101713/clients/_:getWebAppConfig  
  
 Tue Jul 24 2018 19:03:45 GMT+0200 (Środkowoeuropejski czas letni)
[debug] [2018-07-24T17:03:46.518Z] <<< HTTP RESPONSE 200
[debug] [2018-07-24T17:03:46.608Z] <<< HTTP RESPONSE 200
[debug] [2018-07-24T17:03:46.608Z] Starting @google-cloud/functions-emulator
[info] i  hosting: Serving hosting files from: dist/carpathianAngular
[info] +  hosting: Local server: http://localhost:5000

